{"C:\\Users\\Public\\Documents\\Development\\React\\mozio-app\\src\\App.tsx": {"path":"C:\\Users\\Public\\Documents\\Development\\React\\mozio-app\\src\\App.tsx","statementMap":{"0":{"start":{"line":1,"column":0},"end":{"line":1,"column":48}},"1":{"start":{"line":3,"column":0},"end":{"line":3,"column":55}},"2":{"start":{"line":4,"column":0},"end":{"line":4,"column":59}},"3":{"start":{"line":5,"column":0},"end":{"line":5,"column":18}},"4":{"start":{"line":8,"column":2},"end":{"line":15,"column":null}},"5":{"start":{"line":18,"column":0},"end":{"line":18,"column":null}}},"fnMap":{"0":{"name":"App","decl":{"start":{"line":7,"column":9},"end":{"line":7,"column":12}},"loc":{"start":{"line":7,"column":12},"end":{"line":16,"column":1}}}},"branchMap":{},"s":{"0":1,"1":1,"2":1,"3":1,"4":2,"5":1},"f":{"0":2},"b":{}}
,"C:\\Users\\Public\\Documents\\Development\\React\\mozio-app\\src\\main.tsx": {"path":"C:\\Users\\Public\\Documents\\Development\\React\\mozio-app\\src\\main.tsx","statementMap":{"0":{"start":{"line":1,"column":0},"end":{"line":1,"column":39}},"1":{"start":{"line":2,"column":0},"end":{"line":2,"column":23}},"2":{"start":{"line":3,"column":0},"end":{"line":3,"column":20}},"3":{"start":{"line":4,"column":0},"end":{"line":4,"column":48}},"4":{"start":{"line":6,"column":0},"end":{"line":10,"column":null}}},"fnMap":{},"branchMap":{},"s":{"0":0,"1":0,"2":0,"3":0,"4":0},"f":{},"b":{}}
,"C:\\Users\\Public\\Documents\\Development\\React\\mozio-app\\src\\components\\datePickerComponent\\index.tsx": {"path":"C:\\Users\\Public\\Documents\\Development\\React\\mozio-app\\src\\components\\datePickerComponent\\index.tsx","statementMap":{"0":{"start":{"line":1,"column":0},"end":{"line":1,"column":43}},"1":{"start":{"line":9,"column":23},"end":{"line":13,"column":3}},"2":{"start":{"line":10,"column":21},"end":{"line":10,"column":31}},"3":{"start":{"line":11,"column":4},"end":{"line":11,"column":null}},"4":{"start":{"line":12,"column":4},"end":{"line":12,"column":null}},"5":{"start":{"line":15,"column":24},"end":{"line":15,"column":79}},"6":{"start":{"line":16,"column":2},"end":{"line":23,"column":null}},"7":{"start":{"line":17,"column":4},"end":{"line":22,"column":null}},"8":{"start":{"line":18,"column":6},"end":{"line":18,"column":null}},"9":{"start":{"line":19,"column":6},"end":{"line":19,"column":null}},"10":{"start":{"line":21,"column":6},"end":{"line":21,"column":null}},"11":{"start":{"line":25,"column":18},"end":{"line":28,"column":3}},"12":{"start":{"line":26,"column":4},"end":{"line":26,"column":null}},"13":{"start":{"line":27,"column":4},"end":{"line":27,"column":null}},"14":{"start":{"line":30,"column":2},"end":{"line":42,"column":null}},"15":{"start":{"line":45,"column":0},"end":{"line":45,"column":null}}},"fnMap":{"0":{"name":"DatePickerComponent","decl":{"start":{"line":4,"column":9},"end":{"line":4,"column":28}},"loc":{"start":{"line":8,"column":18},"end":{"line":43,"column":1}}},"1":{"name":"(anonymous_1)","decl":{"start":{"line":9,"column":23},"end":{"line":9,"column":26}},"loc":{"start":{"line":9,"column":28},"end":{"line":13,"column":3}}},"2":{"name":"(anonymous_2)","decl":{"start":{"line":16,"column":12},"end":{"line":16,"column":15}},"loc":{"start":{"line":16,"column":17},"end":{"line":23,"column":3}}},"3":{"name":"(anonymous_3)","decl":{"start":{"line":25,"column":18},"end":{"line":25,"column":19}},"loc":{"start":{"line":25,"column":61},"end":{"line":28,"column":3}}}},"branchMap":{"0":{"loc":{"start":{"line":17,"column":4},"end":{"line":22,"column":null}},"type":"if","locations":[{"start":{"line":17,"column":4},"end":{"line":22,"column":null}},{"start":{"line":20,"column":11},"end":{"line":22,"column":null}}]}},"s":{"0":1,"1":8,"2":16,"3":16,"4":16,"5":8,"6":8,"7":2,"8":0,"9":0,"10":2,"11":8,"12":0,"13":0,"14":8,"15":1},"f":{"0":8,"1":16,"2":2,"3":0},"b":{"0":[0,2]}}
,"C:\\Users\\Public\\Documents\\Development\\React\\mozio-app\\src\\components\\formComponent\\index.tsx": {"path":"C:\\Users\\Public\\Documents\\Development\\React\\mozio-app\\src\\components\\formComponent\\index.tsx","statementMap":{"0":{"start":{"line":2,"column":0},"end":{"line":2,"column":56}},"1":{"start":{"line":3,"column":0},"end":{"line":3,"column":58}},"2":{"start":{"line":4,"column":0},"end":{"line":4,"column":52}},"3":{"start":{"line":5,"column":0},"end":{"line":5,"column":31}},"4":{"start":{"line":6,"column":0},"end":{"line":6,"column":46}},"5":{"start":{"line":7,"column":0},"end":{"line":7,"column":19}},"6":{"start":{"line":32,"column":6},"end":{"line":32,"column":46}},"7":{"start":{"line":33,"column":18},"end":{"line":36,"column":3}},"8":{"start":{"line":34,"column":4},"end":{"line":34,"column":null}},"9":{"start":{"line":35,"column":4},"end":{"line":35,"column":null}},"10":{"start":{"line":37,"column":20},"end":{"line":43,"column":12}},"11":{"start":{"line":38,"column":4},"end":{"line":43,"column":12}},"12":{"start":{"line":45,"column":20},"end":{"line":51,"column":12}},"13":{"start":{"line":46,"column":4},"end":{"line":51,"column":12}},"14":{"start":{"line":53,"column":2},"end":{"line":128,"column":null}},"15":{"start":{"line":66,"column":14},"end":{"line":66,"column":64}},"16":{"start":{"line":85,"column":14},"end":{"line":85,"column":70}},"17":{"start":{"line":104,"column":14},"end":{"line":104,"column":65}},"18":{"start":{"line":110,"column":14},"end":{"line":110,"column":58}},"19":{"start":{"line":117,"column":14},"end":{"line":117,"column":64}},"20":{"start":{"line":131,"column":0},"end":{"line":131,"column":null}}},"fnMap":{"0":{"name":"FormComponent","decl":{"start":{"line":15,"column":9},"end":{"line":15,"column":22}},"loc":{"start":{"line":15,"column":75},"end":{"line":129,"column":1}}},"1":{"name":"(anonymous_1)","decl":{"start":{"line":33,"column":18},"end":{"line":33,"column":19}},"loc":{"start":{"line":33,"column":73},"end":{"line":36,"column":3}}},"2":{"name":"(anonymous_2)","decl":{"start":{"line":37,"column":20},"end":{"line":37,"column":23}},"loc":{"start":{"line":38,"column":4},"end":{"line":43,"column":12}}},"3":{"name":"(anonymous_3)","decl":{"start":{"line":45,"column":20},"end":{"line":45,"column":23}},"loc":{"start":{"line":46,"column":4},"end":{"line":51,"column":12}}},"4":{"name":"(anonymous_4)","decl":{"start":{"line":65,"column":29},"end":{"line":65,"column":33}},"loc":{"start":{"line":66,"column":14},"end":{"line":66,"column":64}}},"5":{"name":"(anonymous_5)","decl":{"start":{"line":84,"column":29},"end":{"line":84,"column":33}},"loc":{"start":{"line":85,"column":14},"end":{"line":85,"column":70}}},"6":{"name":"(anonymous_6)","decl":{"start":{"line":103,"column":29},"end":{"line":103,"column":33}},"loc":{"start":{"line":104,"column":14},"end":{"line":104,"column":65}}},"7":{"name":"(anonymous_7)","decl":{"start":{"line":109,"column":29},"end":{"line":109,"column":33}},"loc":{"start":{"line":110,"column":14},"end":{"line":110,"column":58}}},"8":{"name":"(anonymous_8)","decl":{"start":{"line":116,"column":29},"end":{"line":116,"column":33}},"loc":{"start":{"line":117,"column":14},"end":{"line":117,"column":64}}}},"branchMap":{"0":{"loc":{"start":{"line":35,"column":4},"end":{"line":35,"column":36}},"type":"binary-expr","locations":[{"start":{"line":35,"column":4},"end":{"line":35,"column":12}},{"start":{"line":35,"column":16},"end":{"line":35,"column":36}}]},"1":{"loc":{"start":{"line":38,"column":4},"end":{"line":43,"column":12}},"type":"cond-expr","locations":[{"start":{"line":39,"column":6},"end":{"line":41,"column":null}},{"start":{"line":43,"column":8},"end":{"line":43,"column":12}}]},"2":{"loc":{"start":{"line":46,"column":4},"end":{"line":51,"column":12}},"type":"cond-expr","locations":[{"start":{"line":47,"column":6},"end":{"line":49,"column":null}},{"start":{"line":51,"column":8},"end":{"line":51,"column":12}}]},"3":{"loc":{"start":{"line":55,"column":7},"end":{"line":126,"column":14}},"type":"cond-expr","locations":[{"start":{"line":56,"column":8},"end":{"line":124,"column":null}},{"start":{"line":126,"column":10},"end":{"line":126,"column":14}}]},"4":{"loc":{"start":{"line":70,"column":11},"end":{"line":73,"column":null}},"type":"cond-expr","locations":[{"start":{"line":71,"column":12},"end":{"line":71,"column":72}},{"start":{"line":73,"column":12},"end":{"line":73,"column":23}}]},"5":{"loc":{"start":{"line":89,"column":11},"end":{"line":92,"column":null}},"type":"cond-expr","locations":[{"start":{"line":90,"column":12},"end":{"line":90,"column":72}},{"start":{"line":92,"column":12},"end":{"line":92,"column":23}}]}},"s":{"0":1,"1":1,"2":1,"3":1,"4":1,"5":1,"6":10,"7":10,"8":0,"9":0,"10":10,"11":0,"12":10,"13":0,"14":10,"15":4,"16":4,"17":4,"18":2,"19":0,"20":1},"f":{"0":10,"1":0,"2":0,"3":0,"4":4,"5":4,"6":4,"7":2,"8":0},"b":{"0":[0,0],"1":[0,0],"2":[0,0],"3":[8,2],"4":[8,0],"5":[8,0]}}
,"C:\\Users\\Public\\Documents\\Development\\React\\mozio-app\\src\\components\\formComponent\\useForm.ts": {"path":"C:\\Users\\Public\\Documents\\Development\\React\\mozio-app\\src\\components\\formComponent\\useForm.ts","statementMap":{"0":{"start":{"line":1,"column":0},"end":{"line":1,"column":43}},"1":{"start":{"line":3,"column":0},"end":{"line":3,"column":64}},"2":{"start":{"line":15,"column":26},"end":{"line":15,"column":54}},"3":{"start":{"line":16,"column":28},"end":{"line":16,"column":56}},"4":{"start":{"line":17,"column":28},"end":{"line":17,"column":56}},"5":{"start":{"line":19,"column":38},"end":{"line":25,"column":4}},"6":{"start":{"line":26,"column":36},"end":{"line":26,"column":51}},"7":{"start":{"line":27,"column":38},"end":{"line":27,"column":53}},"8":{"start":{"line":28,"column":38},"end":{"line":28,"column":53}},"9":{"start":{"line":29,"column":44},"end":{"line":29,"column":58}},"10":{"start":{"line":30,"column":28},"end":{"line":30,"column":57}},"11":{"start":{"line":31,"column":34},"end":{"line":34,"column":4}},"12":{"start":{"line":36,"column":52},"end":{"line":36,"column":66}},"13":{"start":{"line":38,"column":2},"end":{"line":50,"column":null}},"14":{"start":{"line":40,"column":19},"end":{"line":40,"column":62}},"15":{"start":{"line":41,"column":24},"end":{"line":41,"column":48}},"16":{"start":{"line":42,"column":4},"end":{"line":42,"column":null}},"17":{"start":{"line":43,"column":4},"end":{"line":47,"column":null}},"18":{"start":{"line":44,"column":6},"end":{"line":44,"column":null}},"19":{"start":{"line":45,"column":6},"end":{"line":45,"column":null}},"20":{"start":{"line":46,"column":6},"end":{"line":46,"column":null}},"21":{"start":{"line":48,"column":4},"end":{"line":48,"column":null}},"22":{"start":{"line":49,"column":4},"end":{"line":49,"column":null}},"23":{"start":{"line":52,"column":2},"end":{"line":57,"column":null}},"24":{"start":{"line":53,"column":4},"end":{"line":53,"column":null}},"25":{"start":{"line":54,"column":4},"end":{"line":54,"column":null}},"26":{"start":{"line":55,"column":4},"end":{"line":55,"column":null}},"27":{"start":{"line":56,"column":4},"end":{"line":56,"column":null}},"28":{"start":{"line":56,"column":21},"end":{"line":56,"column":null}},"29":{"start":{"line":59,"column":17},"end":{"line":77,"column":3}},"30":{"start":{"line":60,"column":4},"end":{"line":60,"column":null}},"31":{"start":{"line":61,"column":4},"end":{"line":76,"column":null}},"32":{"start":{"line":63,"column":8},"end":{"line":63,"column":null}},"33":{"start":{"line":63,"column":34},"end":{"line":63,"column":null}},"34":{"start":{"line":65,"column":8},"end":{"line":71,"column":null}},"35":{"start":{"line":66,"column":44},"end":{"line":70,"column":12}},"36":{"start":{"line":72,"column":8},"end":{"line":72,"column":null}},"37":{"start":{"line":75,"column":8},"end":{"line":75,"column":null}},"38":{"start":{"line":79,"column":29},"end":{"line":92,"column":3}},"39":{"start":{"line":80,"column":4},"end":{"line":80,"column":null}},"40":{"start":{"line":81,"column":4},"end":{"line":91,"column":null}},"41":{"start":{"line":82,"column":6},"end":{"line":82,"column":null}},"42":{"start":{"line":82,"column":32},"end":{"line":82,"column":null}},"43":{"start":{"line":83,"column":6},"end":{"line":89,"column":null}},"44":{"start":{"line":84,"column":42},"end":{"line":88,"column":10}},"45":{"start":{"line":90,"column":6},"end":{"line":90,"column":null}},"46":{"start":{"line":94,"column":24},"end":{"line":107,"column":3}},"47":{"start":{"line":95,"column":4},"end":{"line":95,"column":null}},"48":{"start":{"line":96,"column":4},"end":{"line":106,"column":null}},"49":{"start":{"line":97,"column":6},"end":{"line":97,"column":null}},"50":{"start":{"line":97,"column":32},"end":{"line":97,"column":null}},"51":{"start":{"line":98,"column":6},"end":{"line":104,"column":null}},"52":{"start":{"line":99,"column":42},"end":{"line":103,"column":10}},"53":{"start":{"line":105,"column":6},"end":{"line":105,"column":null}},"54":{"start":{"line":109,"column":19},"end":{"line":114,"column":3}},"55":{"start":{"line":110,"column":70},"end":{"line":110,"column":80}},"56":{"start":{"line":111,"column":4},"end":{"line":111,"column":null}},"57":{"start":{"line":111,"column":48},"end":{"line":111,"column":null}},"58":{"start":{"line":113,"column":4},"end":{"line":113,"column":null}},"59":{"start":{"line":116,"column":20},"end":{"line":162,"column":3}},"60":{"start":{"line":117,"column":4},"end":{"line":117,"column":45}},"61":{"start":{"line":117,"column":39},"end":{"line":117,"column":45}},"62":{"start":{"line":119,"column":34},"end":{"line":120,"column":null}},"63":{"start":{"line":120,"column":24},"end":{"line":120,"column":32}},"64":{"start":{"line":122,"column":22},"end":{"line":126,"column":null}},"65":{"start":{"line":127,"column":21},"end":{"line":128,"column":null}},"66":{"start":{"line":128,"column":14},"end":{"line":128,"column":55}},"67":{"start":{"line":130,"column":4},"end":{"line":130,"column":null}},"68":{"start":{"line":131,"column":4},"end":{"line":161,"column":null}},"69":{"start":{"line":132,"column":6},"end":{"line":132,"column":null}},"70":{"start":{"line":132,"column":20},"end":{"line":132,"column":null}},"71":{"start":{"line":133,"column":17},"end":{"line":136,"column":27}},"72":{"start":{"line":138,"column":17},"end":{"line":141,"column":27}},"73":{"start":{"line":143,"column":6},"end":{"line":157,"column":null}},"74":{"start":{"line":145,"column":19},"end":{"line":145,"column":20}},"75":{"start":{"line":146,"column":19},"end":{"line":146,"column":20}},"76":{"start":{"line":147,"column":10},"end":{"line":147,"column":null}},"77":{"start":{"line":147,"column":41},"end":{"line":147,"column":null}},"78":{"start":{"line":148,"column":10},"end":{"line":148,"column":null}},"79":{"start":{"line":148,"column":41},"end":{"line":148,"column":null}},"80":{"start":{"line":150,"column":10},"end":{"line":150,"column":null}},"81":{"start":{"line":153,"column":10},"end":{"line":153,"column":null}},"82":{"start":{"line":156,"column":10},"end":{"line":156,"column":null}},"83":{"start":{"line":159,"column":6},"end":{"line":159,"column":null}},"84":{"start":{"line":160,"column":6},"end":{"line":160,"column":null}},"85":{"start":{"line":164,"column":2},"end":{"line":180,"column":null}},"86":{"start":{"line":183,"column":0},"end":{"line":183,"column":null}}},"fnMap":{"0":{"name":"UseForm","decl":{"start":{"line":6,"column":9},"end":{"line":6,"column":16}},"loc":{"start":{"line":14,"column":1},"end":{"line":181,"column":1}}},"1":{"name":"(anonymous_1)","decl":{"start":{"line":38,"column":12},"end":{"line":38,"column":15}},"loc":{"start":{"line":38,"column":17},"end":{"line":50,"column":3}}},"2":{"name":"(anonymous_2)","decl":{"start":{"line":52,"column":12},"end":{"line":52,"column":15}},"loc":{"start":{"line":52,"column":17},"end":{"line":57,"column":3}}},"3":{"name":"(anonymous_3)","decl":{"start":{"line":59,"column":17},"end":{"line":59,"column":18}},"loc":{"start":{"line":59,"column":34},"end":{"line":77,"column":3}}},"4":{"name":"(anonymous_4)","decl":{"start":{"line":62,"column":12},"end":{"line":62,"column":16}},"loc":{"start":{"line":62,"column":19},"end":{"line":73,"column":7}}},"5":{"name":"(anonymous_5)","decl":{"start":{"line":66,"column":19},"end":{"line":66,"column":20}},"loc":{"start":{"line":66,"column":44},"end":{"line":70,"column":12}}},"6":{"name":"(anonymous_6)","decl":{"start":{"line":74,"column":13},"end":{"line":74,"column":18}},"loc":{"start":{"line":74,"column":21},"end":{"line":76,"column":7}}},"7":{"name":"(anonymous_7)","decl":{"start":{"line":79,"column":29},"end":{"line":79,"column":30}},"loc":{"start":{"line":79,"column":46},"end":{"line":92,"column":3}}},"8":{"name":"(anonymous_8)","decl":{"start":{"line":81,"column":25},"end":{"line":81,"column":29}},"loc":{"start":{"line":81,"column":32},"end":{"line":91,"column":5}}},"9":{"name":"(anonymous_9)","decl":{"start":{"line":84,"column":17},"end":{"line":84,"column":18}},"loc":{"start":{"line":84,"column":42},"end":{"line":88,"column":10}}},"10":{"name":"(anonymous_10)","decl":{"start":{"line":94,"column":24},"end":{"line":94,"column":25}},"loc":{"start":{"line":94,"column":41},"end":{"line":107,"column":3}}},"11":{"name":"(anonymous_11)","decl":{"start":{"line":96,"column":25},"end":{"line":96,"column":29}},"loc":{"start":{"line":96,"column":32},"end":{"line":106,"column":5}}},"12":{"name":"(anonymous_12)","decl":{"start":{"line":99,"column":17},"end":{"line":99,"column":18}},"loc":{"start":{"line":99,"column":42},"end":{"line":103,"column":10}}},"13":{"name":"(anonymous_13)","decl":{"start":{"line":109,"column":19},"end":{"line":109,"column":22}},"loc":{"start":{"line":109,"column":24},"end":{"line":114,"column":3}}},"14":{"name":"(anonymous_14)","decl":{"start":{"line":116,"column":20},"end":{"line":116,"column":23}},"loc":{"start":{"line":116,"column":25},"end":{"line":162,"column":3}}},"15":{"name":"(anonymous_15)","decl":{"start":{"line":120,"column":6},"end":{"line":120,"column":7}},"loc":{"start":{"line":120,"column":24},"end":{"line":120,"column":32}}},"16":{"name":"(anonymous_16)","decl":{"start":{"line":128,"column":6},"end":{"line":128,"column":10}},"loc":{"start":{"line":128,"column":14},"end":{"line":128,"column":55}}},"17":{"name":"(anonymous_17)","decl":{"start":{"line":144,"column":14},"end":{"line":144,"column":15}},"loc":{"start":{"line":144,"column":27},"end":{"line":151,"column":9}}},"18":{"name":"(anonymous_18)","decl":{"start":{"line":152,"column":15},"end":{"line":152,"column":20}},"loc":{"start":{"line":152,"column":23},"end":{"line":154,"column":9}}},"19":{"name":"(anonymous_19)","decl":{"start":{"line":155,"column":17},"end":{"line":155,"column":20}},"loc":{"start":{"line":155,"column":22},"end":{"line":157,"column":9}}}},"branchMap":{"0":{"loc":{"start":{"line":42,"column":13},"end":{"line":42,"column":63}},"type":"cond-expr","locations":[{"start":{"line":42,"column":27},"end":{"line":42,"column":50}},{"start":{"line":42,"column":53},"end":{"line":42,"column":63}}]},"1":{"loc":{"start":{"line":43,"column":4},"end":{"line":47,"column":null}},"type":"if","locations":[{"start":{"line":43,"column":4},"end":{"line":47,"column":null}}]},"2":{"loc":{"start":{"line":46,"column":6},"end":{"line":46,"column":67}},"type":"binary-expr","locations":[{"start":{"line":46,"column":6},"end":{"line":46,"column":17}},{"start":{"line":46,"column":21},"end":{"line":46,"column":67}}]},"3":{"loc":{"start":{"line":55,"column":4},"end":{"line":55,"column":65}},"type":"binary-expr","locations":[{"start":{"line":55,"column":4},"end":{"line":55,"column":15}},{"start":{"line":55,"column":19},"end":{"line":55,"column":65}}]},"4":{"loc":{"start":{"line":56,"column":4},"end":{"line":56,"column":null}},"type":"if","locations":[{"start":{"line":56,"column":4},"end":{"line":56,"column":null}}]},"5":{"loc":{"start":{"line":63,"column":8},"end":{"line":63,"column":null}},"type":"if","locations":[{"start":{"line":63,"column":8},"end":{"line":63,"column":null}}]},"6":{"loc":{"start":{"line":82,"column":6},"end":{"line":82,"column":null}},"type":"if","locations":[{"start":{"line":82,"column":6},"end":{"line":82,"column":null}}]},"7":{"loc":{"start":{"line":97,"column":6},"end":{"line":97,"column":null}},"type":"if","locations":[{"start":{"line":97,"column":6},"end":{"line":97,"column":null}}]},"8":{"loc":{"start":{"line":111,"column":4},"end":{"line":111,"column":null}},"type":"if","locations":[{"start":{"line":111,"column":4},"end":{"line":111,"column":null}}]},"9":{"loc":{"start":{"line":111,"column":8},"end":{"line":111,"column":46}},"type":"binary-expr","locations":[{"start":{"line":111,"column":8},"end":{"line":111,"column":18}},{"start":{"line":111,"column":22},"end":{"line":111,"column":32}},{"start":{"line":111,"column":36},"end":{"line":111,"column":46}}]},"10":{"loc":{"start":{"line":117,"column":4},"end":{"line":117,"column":45}},"type":"if","locations":[{"start":{"line":117,"column":4},"end":{"line":117,"column":45}}]},"11":{"loc":{"start":{"line":132,"column":6},"end":{"line":132,"column":null}},"type":"if","locations":[{"start":{"line":132,"column":6},"end":{"line":132,"column":null}}]},"12":{"loc":{"start":{"line":147,"column":10},"end":{"line":147,"column":null}},"type":"if","locations":[{"start":{"line":147,"column":10},"end":{"line":147,"column":null}}]},"13":{"loc":{"start":{"line":148,"column":10},"end":{"line":148,"column":null}},"type":"if","locations":[{"start":{"line":148,"column":10},"end":{"line":148,"column":null}}]}},"s":{"0":1,"1":1,"2":10,"3":10,"4":10,"5":10,"6":10,"7":10,"8":10,"9":10,"10":10,"11":10,"12":10,"13":10,"14":2,"15":2,"16":2,"17":2,"18":0,"19":0,"20":0,"21":2,"22":2,"23":10,"24":8,"25":8,"26":8,"27":8,"28":0,"29":10,"30":0,"31":0,"32":0,"33":0,"34":0,"35":0,"36":0,"37":0,"38":10,"39":0,"40":0,"41":0,"42":0,"43":0,"44":0,"45":0,"46":10,"47":0,"48":0,"49":0,"50":0,"51":0,"52":0,"53":0,"54":10,"55":8,"56":8,"57":8,"58":0,"59":10,"60":0,"61":0,"62":0,"63":0,"64":0,"65":0,"66":0,"67":0,"68":0,"69":0,"70":0,"71":0,"72":0,"73":0,"74":0,"75":0,"76":0,"77":0,"78":0,"79":0,"80":0,"81":0,"82":0,"83":0,"84":0,"85":10,"86":1},"f":{"0":10,"1":2,"2":8,"3":0,"4":0,"5":0,"6":0,"7":0,"8":0,"9":0,"10":0,"11":0,"12":0,"13":8,"14":0,"15":0,"16":0,"17":0,"18":0,"19":0},"b":{"0":[0,2],"1":[0],"2":[0,0],"3":[8,0],"4":[0],"5":[0],"6":[0],"7":[0],"8":[8],"9":[8,0,0],"10":[0],"11":[0],"12":[0],"13":[0]}}
,"C:\\Users\\Public\\Documents\\Development\\React\\mozio-app\\src\\components\\numberFieldComponent\\index.tsx": {"path":"C:\\Users\\Public\\Documents\\Development\\React\\mozio-app\\src\\components\\numberFieldComponent\\index.tsx","statementMap":{"0":{"start":{"line":1,"column":0},"end":{"line":1,"column":43}},"1":{"start":{"line":13,"column":28},"end":{"line":13,"column":47}},"2":{"start":{"line":15,"column":18},"end":{"line":19,"column":3}},"3":{"start":{"line":16,"column":16},"end":{"line":16,"column":57}},"4":{"start":{"line":17,"column":4},"end":{"line":17,"column":null}},"5":{"start":{"line":18,"column":4},"end":{"line":18,"column":null}},"6":{"start":{"line":21,"column":2},"end":{"line":23,"column":null}},"7":{"start":{"line":22,"column":4},"end":{"line":22,"column":null}},"8":{"start":{"line":22,"column":22},"end":{"line":22,"column":null}},"9":{"start":{"line":25,"column":2},"end":{"line":30,"column":null}},"10":{"start":{"line":33,"column":0},"end":{"line":33,"column":null}}},"fnMap":{"0":{"name":"NumberFieldComponent","decl":{"start":{"line":8,"column":9},"end":{"line":8,"column":29}},"loc":{"start":{"line":12,"column":28},"end":{"line":31,"column":1}}},"1":{"name":"(anonymous_1)","decl":{"start":{"line":15,"column":18},"end":{"line":15,"column":19}},"loc":{"start":{"line":15,"column":61},"end":{"line":19,"column":3}}},"2":{"name":"(anonymous_2)","decl":{"start":{"line":21,"column":12},"end":{"line":21,"column":15}},"loc":{"start":{"line":21,"column":17},"end":{"line":23,"column":3}}}},"branchMap":{"0":{"loc":{"start":{"line":16,"column":16},"end":{"line":16,"column":57}},"type":"cond-expr","locations":[{"start":{"line":16,"column":38},"end":{"line":16,"column":39}},{"start":{"line":16,"column":42},"end":{"line":16,"column":57}}]},"1":{"loc":{"start":{"line":22,"column":4},"end":{"line":22,"column":null}},"type":"if","locations":[{"start":{"line":22,"column":4},"end":{"line":22,"column":null}}]}},"s":{"0":1,"1":8,"2":8,"3":0,"4":0,"5":0,"6":8,"7":2,"8":2,"9":8,"10":1},"f":{"0":8,"1":0,"2":2},"b":{"0":[0,0],"1":[2]}}
,"C:\\Users\\Public\\Documents\\Development\\React\\mozio-app\\src\\components\\pages\\home.tsx": {"path":"C:\\Users\\Public\\Documents\\Development\\React\\mozio-app\\src\\components\\pages\\home.tsx","statementMap":{"0":{"start":{"line":1,"column":0},"end":{"line":1,"column":46}},"1":{"start":{"line":3,"column":0},"end":{"line":3,"column":44}},"2":{"start":{"line":4,"column":0},"end":{"line":4,"column":19}},"3":{"start":{"line":15,"column":19},"end":{"line":15,"column":32}},"4":{"start":{"line":16,"column":2},"end":{"line":23,"column":null}},"5":{"start":{"line":19,"column":8},"end":{"line":19,"column":null}},"6":{"start":{"line":20,"column":8},"end":{"line":20,"column":null}},"7":{"start":{"line":26,"column":0},"end":{"line":26,"column":null}}},"fnMap":{"0":{"name":"HomeComponentPage","decl":{"start":{"line":14,"column":9},"end":{"line":14,"column":26}},"loc":{"start":{"line":14,"column":26},"end":{"line":24,"column":1}}},"1":{"name":"(anonymous_1)","decl":{"start":{"line":18,"column":16},"end":{"line":18,"column":17}},"loc":{"start":{"line":18,"column":37},"end":{"line":21,"column":7}}}},"branchMap":{},"s":{"0":1,"1":1,"2":1,"3":2,"4":2,"5":0,"6":0,"7":1},"f":{"0":2,"1":0},"b":{}}
,"C:\\Users\\Public\\Documents\\Development\\React\\mozio-app\\src\\components\\pages\\result.tsx": {"path":"C:\\Users\\Public\\Documents\\Development\\React\\mozio-app\\src\\components\\pages\\result.tsx","statementMap":{"0":{"start":{"line":1,"column":0},"end":{"line":1,"column":46}},"1":{"start":{"line":2,"column":0},"end":{"line":2,"column":44}},"2":{"start":{"line":5,"column":20},"end":{"line":5,"column":33}},"3":{"start":{"line":6,"column":2},"end":{"line":6,"column":null}},"4":{"start":{"line":9,"column":0},"end":{"line":9,"column":null}}},"fnMap":{"0":{"name":"ResultComponentPage","decl":{"start":{"line":4,"column":9},"end":{"line":4,"column":28}},"loc":{"start":{"line":4,"column":28},"end":{"line":7,"column":1}}}},"branchMap":{},"s":{"0":1,"1":1,"2":0,"3":0,"4":1},"f":{"0":0},"b":{}}
,"C:\\Users\\Public\\Documents\\Development\\React\\mozio-app\\src\\components\\selectorComponent\\index.tsx": {"path":"C:\\Users\\Public\\Documents\\Development\\React\\mozio-app\\src\\components\\selectorComponent\\index.tsx","statementMap":{"0":{"start":{"line":1,"column":0},"end":{"line":1,"column":32}},"1":{"start":{"line":2,"column":0},"end":{"line":2,"column":39}},"2":{"start":{"line":3,"column":0},"end":{"line":3,"column":48}},"3":{"start":{"line":6,"column":26},"end":{"line":89,"column":1}},"4":{"start":{"line":30,"column":6},"end":{"line":39,"column":4}},"5":{"start":{"line":40,"column":2},"end":{"line":88,"column":null}},"6":{"start":{"line":52,"column":14},"end":{"line":52,"column":null}},"7":{"start":{"line":54,"column":39},"end":{"line":54,"column":64}},"8":{"start":{"line":76,"column":14},"end":{"line":80,"column":null}},"9":{"start":{"line":78,"column":18},"end":{"line":78,"column":null}},"10":{"start":{"line":91,"column":0},"end":{"line":91,"column":null}}},"fnMap":{"0":{"name":"(anonymous_0)","decl":{"start":{"line":6,"column":26},"end":{"line":6,"column":27}},"loc":{"start":{"line":17,"column":29},"end":{"line":89,"column":1}}},"1":{"name":"(anonymous_1)","decl":{"start":{"line":51,"column":31},"end":{"line":51,"column":32}},"loc":{"start":{"line":52,"column":14},"end":{"line":52,"column":null}}},"2":{"name":"(anonymous_2)","decl":{"start":{"line":54,"column":33},"end":{"line":54,"column":36}},"loc":{"start":{"line":54,"column":39},"end":{"line":54,"column":64}}},"3":{"name":"(anonymous_3)","decl":{"start":{"line":75,"column":21},"end":{"line":75,"column":25}},"loc":{"start":{"line":76,"column":14},"end":{"line":80,"column":null}}},"4":{"name":"(anonymous_4)","decl":{"start":{"line":77,"column":25},"end":{"line":77,"column":28}},"loc":{"start":{"line":77,"column":30},"end":{"line":79,"column":17}}}},"branchMap":{"0":{"loc":{"start":{"line":49,"column":9},"end":{"line":58,"column":16}},"type":"cond-expr","locations":[{"start":{"line":50,"column":10},"end":{"line":56,"column":null}},{"start":{"line":58,"column":12},"end":{"line":58,"column":16}}]},"1":{"loc":{"start":{"line":69,"column":7},"end":{"line":69,"column":74}},"type":"binary-expr","locations":[{"start":{"line":69,"column":7},"end":{"line":69,"column":19}},{"start":{"line":69,"column":23},"end":{"line":69,"column":74}}]},"2":{"loc":{"start":{"line":70,"column":7},"end":{"line":72,"column":14}},"type":"cond-expr","locations":[{"start":{"line":71,"column":8},"end":{"line":71,"column":68}},{"start":{"line":72,"column":10},"end":{"line":72,"column":14}}]},"3":{"loc":{"start":{"line":74,"column":9},"end":{"line":85,"column":16}},"type":"cond-expr","locations":[{"start":{"line":75,"column":12},"end":{"line":84,"column":14}},{"start":{"line":85,"column":12},"end":{"line":85,"column":16}}]}},"s":{"0":1,"1":1,"2":1,"3":1,"4":24,"5":24,"6":0,"7":0,"8":0,"9":0,"10":1},"f":{"0":24,"1":0,"2":0,"3":0,"4":0},"b":{"0":[0,24],"1":[24,0],"2":[0,24],"3":[0,24]}}
,"C:\\Users\\Public\\Documents\\Development\\React\\mozio-app\\src\\components\\selectorComponent\\useSelector.ts": {"path":"C:\\Users\\Public\\Documents\\Development\\React\\mozio-app\\src\\components\\selectorComponent\\useSelector.ts","statementMap":{"0":{"start":{"line":2,"column":0},"end":{"line":2,"column":51}},"1":{"start":{"line":14,"column":26},"end":{"line":14,"column":46}},"2":{"start":{"line":15,"column":44},"end":{"line":15,"column":72}},"3":{"start":{"line":17,"column":30},"end":{"line":17,"column":54}},"4":{"start":{"line":18,"column":17},"end":{"line":18,"column":45}},"5":{"start":{"line":19,"column":19},"end":{"line":19,"column":49}},"6":{"start":{"line":20,"column":42},"end":{"line":20,"column":71}},"7":{"start":{"line":21,"column":27},"end":{"line":21,"column":52}},"8":{"start":{"line":22,"column":32},"end":{"line":22,"column":56}},"9":{"start":{"line":24,"column":2},"end":{"line":27,"column":null}},"10":{"start":{"line":25,"column":4},"end":{"line":25,"column":null}},"11":{"start":{"line":26,"column":4},"end":{"line":26,"column":null}},"12":{"start":{"line":26,"column":30},"end":{"line":26,"column":null}},"13":{"start":{"line":29,"column":2},"end":{"line":31,"column":null}},"14":{"start":{"line":30,"column":4},"end":{"line":30,"column":null}},"15":{"start":{"line":33,"column":2},"end":{"line":35,"column":null}},"16":{"start":{"line":34,"column":4},"end":{"line":34,"column":null}},"17":{"start":{"line":37,"column":2},"end":{"line":40,"column":null}},"18":{"start":{"line":38,"column":4},"end":{"line":38,"column":24}},"19":{"start":{"line":38,"column":18},"end":{"line":38,"column":24}},"20":{"start":{"line":39,"column":4},"end":{"line":39,"column":null}},"21":{"start":{"line":42,"column":2},"end":{"line":44,"column":null}},"22":{"start":{"line":43,"column":4},"end":{"line":43,"column":null}},"23":{"start":{"line":43,"column":35},"end":{"line":43,"column":null}},"24":{"start":{"line":46,"column":28},"end":{"line":53,"column":3}},"25":{"start":{"line":47,"column":4},"end":{"line":47,"column":null}},"26":{"start":{"line":48,"column":4},"end":{"line":48,"column":null}},"27":{"start":{"line":48,"column":16},"end":{"line":48,"column":null}},"28":{"start":{"line":55,"column":22},"end":{"line":67,"column":3}},"29":{"start":{"line":56,"column":4},"end":{"line":63,"column":null}},"30":{"start":{"line":57,"column":6},"end":{"line":57,"column":null}},"31":{"start":{"line":60,"column":20},"end":{"line":60,"column":54}},"32":{"start":{"line":61,"column":25},"end":{"line":61,"column":51}},"33":{"start":{"line":62,"column":6},"end":{"line":62,"column":null}},"34":{"start":{"line":64,"column":4},"end":{"line":64,"column":null}},"35":{"start":{"line":66,"column":4},"end":{"line":66,"column":null}},"36":{"start":{"line":72,"column":23},"end":{"line":82,"column":3}},"37":{"start":{"line":73,"column":4},"end":{"line":81,"column":null}},"38":{"start":{"line":74,"column":6},"end":{"line":80,"column":null}},"39":{"start":{"line":78,"column":8},"end":{"line":78,"column":null}},"40":{"start":{"line":79,"column":8},"end":{"line":79,"column":null}},"41":{"start":{"line":84,"column":18},"end":{"line":84,"column":47}},"42":{"start":{"line":84,"column":24},"end":{"line":84,"column":47}},"43":{"start":{"line":86,"column":32},"end":{"line":87,"column":66}},"44":{"start":{"line":87,"column":4},"end":{"line":87,"column":66}},"45":{"start":{"line":87,"column":50},"end":{"line":87,"column":64}},"46":{"start":{"line":89,"column":21},"end":{"line":94,"column":3}},"47":{"start":{"line":90,"column":4},"end":{"line":90,"column":27}},"48":{"start":{"line":90,"column":21},"end":{"line":90,"column":27}},"49":{"start":{"line":91,"column":4},"end":{"line":91,"column":null}},"50":{"start":{"line":91,"column":46},"end":{"line":91,"column":null}},"51":{"start":{"line":92,"column":4},"end":{"line":93,"column":null}},"52":{"start":{"line":93,"column":6},"end":{"line":93,"column":null}},"53":{"start":{"line":96,"column":2},"end":{"line":109,"column":null}},"54":{"start":{"line":112,"column":0},"end":{"line":112,"column":null}}},"fnMap":{"0":{"name":"UseSelector","decl":{"start":{"line":4,"column":9},"end":{"line":4,"column":20}},"loc":{"start":{"line":13,"column":25},"end":{"line":110,"column":1}}},"1":{"name":"(anonymous_1)","decl":{"start":{"line":24,"column":12},"end":{"line":24,"column":15}},"loc":{"start":{"line":24,"column":17},"end":{"line":27,"column":3}}},"2":{"name":"(anonymous_2)","decl":{"start":{"line":29,"column":12},"end":{"line":29,"column":15}},"loc":{"start":{"line":29,"column":17},"end":{"line":31,"column":3}}},"3":{"name":"(anonymous_3)","decl":{"start":{"line":33,"column":12},"end":{"line":33,"column":15}},"loc":{"start":{"line":33,"column":17},"end":{"line":35,"column":3}}},"4":{"name":"(anonymous_4)","decl":{"start":{"line":37,"column":12},"end":{"line":37,"column":15}},"loc":{"start":{"line":37,"column":17},"end":{"line":40,"column":3}}},"5":{"name":"(anonymous_5)","decl":{"start":{"line":42,"column":12},"end":{"line":42,"column":15}},"loc":{"start":{"line":42,"column":17},"end":{"line":44,"column":3}}},"6":{"name":"(anonymous_6)","decl":{"start":{"line":46,"column":28},"end":{"line":46,"column":29}},"loc":{"start":{"line":46,"column":71},"end":{"line":53,"column":3}}},"7":{"name":"(anonymous_7)","decl":{"start":{"line":55,"column":22},"end":{"line":55,"column":23}},"loc":{"start":{"line":55,"column":46},"end":{"line":67,"column":3}}},"8":{"name":"(anonymous_8)","decl":{"start":{"line":72,"column":23},"end":{"line":72,"column":24}},"loc":{"start":{"line":72,"column":72},"end":{"line":82,"column":3}}},"9":{"name":"(anonymous_9)","decl":{"start":{"line":73,"column":15},"end":{"line":73,"column":18}},"loc":{"start":{"line":73,"column":20},"end":{"line":81,"column":5}}},"10":{"name":"(anonymous_10)","decl":{"start":{"line":84,"column":18},"end":{"line":84,"column":21}},"loc":{"start":{"line":84,"column":24},"end":{"line":84,"column":47}}},"11":{"name":"(anonymous_11)","decl":{"start":{"line":86,"column":32},"end":{"line":86,"column":33}},"loc":{"start":{"line":87,"column":4},"end":{"line":87,"column":66}}},"12":{"name":"(anonymous_12)","decl":{"start":{"line":87,"column":42},"end":{"line":87,"column":46}},"loc":{"start":{"line":87,"column":50},"end":{"line":87,"column":64}}},"13":{"name":"(anonymous_13)","decl":{"start":{"line":89,"column":21},"end":{"line":89,"column":24}},"loc":{"start":{"line":89,"column":26},"end":{"line":94,"column":3}}}},"branchMap":{"0":{"loc":{"start":{"line":26,"column":4},"end":{"line":26,"column":null}},"type":"if","locations":[{"start":{"line":26,"column":4},"end":{"line":26,"column":null}}]},"1":{"loc":{"start":{"line":30,"column":4},"end":{"line":30,"column":27}},"type":"binary-expr","locations":[{"start":{"line":30,"column":4},"end":{"line":30,"column":11}},{"start":{"line":30,"column":15},"end":{"line":30,"column":27}}]},"2":{"loc":{"start":{"line":34,"column":4},"end":{"line":34,"column":53}},"type":"binary-expr","locations":[{"start":{"line":34,"column":4},"end":{"line":34,"column":19}},{"start":{"line":34,"column":23},"end":{"line":34,"column":53}}]},"3":{"loc":{"start":{"line":38,"column":4},"end":{"line":38,"column":24}},"type":"if","locations":[{"start":{"line":38,"column":4},"end":{"line":38,"column":24}}]},"4":{"loc":{"start":{"line":39,"column":4},"end":{"line":39,"column":49}},"type":"cond-expr","locations":[{"start":{"line":39,"column":19},"end":{"line":39,"column":32}},{"start":{"line":39,"column":35},"end":{"line":39,"column":49}}]},"5":{"loc":{"start":{"line":43,"column":4},"end":{"line":43,"column":null}},"type":"if","locations":[{"start":{"line":43,"column":4},"end":{"line":43,"column":null}}]},"6":{"loc":{"start":{"line":43,"column":8},"end":{"line":43,"column":33}},"type":"binary-expr","locations":[{"start":{"line":43,"column":8},"end":{"line":43,"column":18}},{"start":{"line":43,"column":22},"end":{"line":43,"column":33}}]},"7":{"loc":{"start":{"line":48,"column":4},"end":{"line":48,"column":null}},"type":"if","locations":[{"start":{"line":48,"column":4},"end":{"line":48,"column":null}}]},"8":{"loc":{"start":{"line":56,"column":4},"end":{"line":63,"column":null}},"type":"if","locations":[{"start":{"line":56,"column":4},"end":{"line":63,"column":null}},{"start":{"line":59,"column":11},"end":{"line":63,"column":null}}]},"9":{"loc":{"start":{"line":74,"column":6},"end":{"line":80,"column":null}},"type":"if","locations":[{"start":{"line":74,"column":6},"end":{"line":80,"column":null}}]},"10":{"loc":{"start":{"line":75,"column":8},"end":{"line":76,"column":51}},"type":"binary-expr","locations":[{"start":{"line":75,"column":8},"end":{"line":75,"column":49}},{"start":{"line":76,"column":8},"end":{"line":76,"column":51}}]},"11":{"loc":{"start":{"line":79,"column":8},"end":{"line":79,"column":36}},"type":"binary-expr","locations":[{"start":{"line":79,"column":8},"end":{"line":79,"column":16}},{"start":{"line":79,"column":20},"end":{"line":79,"column":36}}]},"12":{"loc":{"start":{"line":84,"column":24},"end":{"line":84,"column":47}},"type":"binary-expr","locations":[{"start":{"line":84,"column":24},"end":{"line":84,"column":28}},{"start":{"line":84,"column":32},"end":{"line":84,"column":47}}]},"13":{"loc":{"start":{"line":90,"column":4},"end":{"line":90,"column":27}},"type":"if","locations":[{"start":{"line":90,"column":4},"end":{"line":90,"column":27}}]},"14":{"loc":{"start":{"line":91,"column":4},"end":{"line":91,"column":null}},"type":"if","locations":[{"start":{"line":91,"column":4},"end":{"line":91,"column":null}}]},"15":{"loc":{"start":{"line":91,"column":8},"end":{"line":91,"column":44}},"type":"binary-expr","locations":[{"start":{"line":91,"column":8},"end":{"line":91,"column":28}},{"start":{"line":91,"column":32},"end":{"line":91,"column":44}}]},"16":{"loc":{"start":{"line":92,"column":4},"end":{"line":93,"column":null}},"type":"if","locations":[{"start":{"line":92,"column":4},"end":{"line":93,"column":null}}]},"17":{"loc":{"start":{"line":92,"column":8},"end":{"line":92,"column":46}},"type":"binary-expr","locations":[{"start":{"line":92,"column":8},"end":{"line":92,"column":29}},{"start":{"line":92,"column":33},"end":{"line":92,"column":46}}]}},"s":{"0":1,"1":24,"2":24,"3":24,"4":24,"5":24,"6":24,"7":24,"8":24,"9":24,"10":6,"11":6,"12":6,"13":24,"14":12,"15":24,"16":12,"17":24,"18":6,"19":6,"20":0,"21":24,"22":6,"23":0,"24":24,"25":0,"26":0,"27":0,"28":24,"29":0,"30":0,"31":0,"32":0,"33":0,"34":0,"35":0,"36":24,"37":0,"38":0,"39":0,"40":0,"41":24,"42":0,"43":24,"44":0,"45":0,"46":24,"47":0,"48":0,"49":0,"50":0,"51":0,"52":0,"53":24,"54":1},"f":{"0":24,"1":6,"2":12,"3":12,"4":6,"5":6,"6":0,"7":0,"8":0,"9":0,"10":0,"11":0,"12":0,"13":0},"b":{"0":[6],"1":[12,0],"2":[12,12],"3":[6],"4":[0,0],"5":[0],"6":[6,6],"7":[0],"8":[0,0],"9":[0],"10":[0,0],"11":[0,0],"12":[0,0],"13":[0],"14":[0],"15":[0,0],"16":[0],"17":[0,0]}}
,"C:\\Users\\Public\\Documents\\Development\\React\\mozio-app\\src\\service\\api.ts": {"path":"C:\\Users\\Public\\Documents\\Development\\React\\mozio-app\\src\\service\\api.ts","statementMap":{"0":{"start":{"line":1,"column":0},"end":{"line":1,"column":27}},"1":{"start":{"line":2,"column":0},"end":{"line":2,"column":42}},"2":{"start":{"line":9,"column":18},"end":{"line":29,"column":1}},"3":{"start":{"line":12,"column":18},"end":{"line":19,"column":null}},"4":{"start":{"line":13,"column":4},"end":{"line":19,"column":12}},"5":{"start":{"line":14,"column":6},"end":{"line":15,"column":null}},"6":{"start":{"line":15,"column":8},"end":{"line":15,"column":null}},"7":{"start":{"line":16,"column":6},"end":{"line":18,"column":null}},"8":{"start":{"line":17,"column":36},"end":{"line":17,"column":75}},"9":{"start":{"line":22,"column":2},"end":{"line":28,"column":null}},"10":{"start":{"line":23,"column":19},"end":{"line":23,"column":32}},"11":{"start":{"line":24,"column":4},"end":{"line":24,"column":22}},"12":{"start":{"line":25,"column":4},"end":{"line":25,"column":null}},"13":{"start":{"line":27,"column":4},"end":{"line":27,"column":null}},"14":{"start":{"line":54,"column":9},"end":{"line":54,"column":18}},"15":{"start":{"line":31,"column":26},"end":{"line":52,"column":1}},"16":{"start":{"line":34,"column":18},"end":{"line":44,"column":4}},"17":{"start":{"line":35,"column":4},"end":{"line":43,"column":null}},"18":{"start":{"line":36,"column":29},"end":{"line":41,"column":11}},"19":{"start":{"line":37,"column":8},"end":{"line":37,"column":null}},"20":{"start":{"line":37,"column":38},"end":{"line":37,"column":null}},"21":{"start":{"line":39,"column":8},"end":{"line":39,"column":null}},"22":{"start":{"line":40,"column":8},"end":{"line":40,"column":null}},"23":{"start":{"line":42,"column":6},"end":{"line":42,"column":null}},"24":{"start":{"line":46,"column":2},"end":{"line":51,"column":null}},"25":{"start":{"line":47,"column":19},"end":{"line":47,"column":32}},"26":{"start":{"line":48,"column":4},"end":{"line":48,"column":null}},"27":{"start":{"line":50,"column":4},"end":{"line":50,"column":null}},"28":{"start":{"line":54,"column":20},"end":{"line":54,"column":37}}},"fnMap":{"0":{"name":"(anonymous_0)","decl":{"start":{"line":9,"column":18},"end":{"line":9,"column":23}},"loc":{"start":{"line":11,"column":43},"end":{"line":29,"column":1}}},"1":{"name":"(anonymous_1)","decl":{"start":{"line":12,"column":40},"end":{"line":12,"column":41}},"loc":{"start":{"line":13,"column":4},"end":{"line":19,"column":12}}},"2":{"name":"(anonymous_2)","decl":{"start":{"line":13,"column":15},"end":{"line":13,"column":18}},"loc":{"start":{"line":13,"column":20},"end":{"line":19,"column":5}}},"3":{"name":"(anonymous_3)","decl":{"start":{"line":17,"column":22},"end":{"line":17,"column":23}},"loc":{"start":{"line":17,"column":36},"end":{"line":17,"column":75}}},"4":{"name":"(anonymous_4)","decl":{"start":{"line":31,"column":26},"end":{"line":31,"column":31}},"loc":{"start":{"line":33,"column":31},"end":{"line":52,"column":1}}},"5":{"name":"(anonymous_5)","decl":{"start":{"line":34,"column":38},"end":{"line":34,"column":39}},"loc":{"start":{"line":34,"column":58},"end":{"line":44,"column":3}}},"6":{"name":"(anonymous_6)","decl":{"start":{"line":35,"column":15},"end":{"line":35,"column":18}},"loc":{"start":{"line":35,"column":20},"end":{"line":43,"column":5}}},"7":{"name":"(anonymous_7)","decl":{"start":{"line":36,"column":43},"end":{"line":36,"column":44}},"loc":{"start":{"line":36,"column":76},"end":{"line":41,"column":7}}}},"branchMap":{"0":{"loc":{"start":{"line":14,"column":6},"end":{"line":15,"column":null}},"type":"if","locations":[{"start":{"line":14,"column":6},"end":{"line":15,"column":null}}]},"1":{"loc":{"start":{"line":37,"column":8},"end":{"line":37,"column":null}},"type":"if","locations":[{"start":{"line":37,"column":8},"end":{"line":37,"column":null}}]}},"s":{"0":1,"1":1,"2":1,"3":0,"4":0,"5":0,"6":0,"7":0,"8":0,"9":0,"10":0,"11":0,"12":0,"13":0,"14":1,"15":1,"16":0,"17":0,"18":0,"19":0,"20":0,"21":0,"22":0,"23":0,"24":0,"25":0,"26":0,"27":0,"28":1},"f":{"0":0,"1":0,"2":0,"3":0,"4":0,"5":0,"6":0,"7":0},"b":{"0":[0],"1":[0]}}
,"C:\\Users\\Public\\Documents\\Development\\React\\mozio-app\\src\\service\\data.ts": {"path":"C:\\Users\\Public\\Documents\\Development\\React\\mozio-app\\src\\service\\data.ts","statementMap":{"0":{"start":{"line":3,"column":25},"end":{"line":43,"column":null}},"1":{"start":{"line":45,"column":0},"end":{"line":45,"column":null}}},"fnMap":{},"branchMap":{},"s":{"0":1,"1":1},"f":{},"b":{}}
}
