TN:
SF:src\App.tsx
FN:7,App
FNF:1
FNH:1
FNDA:2,App
DA:1,1
DA:3,1
DA:4,1
DA:5,1
DA:8,2
DA:18,1
LF:6
LH:6
BRF:0
BRH:0
end_of_record
TN:
SF:src\main.tsx
FNF:0
FNH:0
DA:1,0
DA:2,0
DA:3,0
DA:4,0
DA:6,0
LF:5
LH:0
BRF:0
BRH:0
end_of_record
TN:
SF:src\components\datePickerComponent\index.tsx
FN:4,DatePickerComponent
FN:9,(anonymous_1)
FN:16,(anonymous_2)
FN:25,(anonymous_3)
FNF:4
FNH:3
FNDA:8,DatePickerComponent
FNDA:16,(anonymous_1)
FNDA:2,(anonymous_2)
FNDA:0,(anonymous_3)
DA:1,1
DA:9,8
DA:10,16
DA:11,16
DA:12,16
DA:15,8
DA:16,8
DA:17,2
DA:18,0
DA:19,0
DA:21,2
DA:25,8
DA:26,0
DA:27,0
DA:30,8
DA:45,1
LF:16
LH:12
BRDA:17,0,0,0
BRDA:17,0,1,2
BRF:2
BRH:1
end_of_record
TN:
SF:src\components\formComponent\index.tsx
FN:15,FormComponent
FN:33,(anonymous_1)
FN:37,(anonymous_2)
FN:45,(anonymous_3)
FN:65,(anonymous_4)
FN:84,(anonymous_5)
FN:103,(anonymous_6)
FN:109,(anonymous_7)
FN:116,(anonymous_8)
FNF:9
FNH:5
FNDA:10,FormComponent
FNDA:0,(anonymous_1)
FNDA:0,(anonymous_2)
FNDA:0,(anonymous_3)
FNDA:4,(anonymous_4)
FNDA:4,(anonymous_5)
FNDA:4,(anonymous_6)
FNDA:2,(anonymous_7)
FNDA:0,(anonymous_8)
DA:2,1
DA:3,1
DA:4,1
DA:5,1
DA:6,1
DA:7,1
DA:32,10
DA:33,10
DA:34,0
DA:35,0
DA:37,10
DA:38,0
DA:45,10
DA:46,0
DA:53,10
DA:66,4
DA:85,4
DA:104,4
DA:110,2
DA:117,0
DA:131,1
LF:21
LH:16
BRDA:35,0,0,0
BRDA:35,0,1,0
BRDA:38,1,0,0
BRDA:38,1,1,0
BRDA:46,2,0,0
BRDA:46,2,1,0
BRDA:55,3,0,8
BRDA:55,3,1,2
BRDA:70,4,0,8
BRDA:70,4,1,0
BRDA:89,5,0,8
BRDA:89,5,1,0
BRF:12
BRH:4
end_of_record
TN:
SF:src\components\formComponent\useForm.ts
FN:6,UseForm
FN:38,(anonymous_1)
FN:52,(anonymous_2)
FN:59,(anonymous_3)
FN:62,(anonymous_4)
FN:66,(anonymous_5)
FN:74,(anonymous_6)
FN:79,(anonymous_7)
FN:81,(anonymous_8)
FN:84,(anonymous_9)
FN:94,(anonymous_10)
FN:96,(anonymous_11)
FN:99,(anonymous_12)
FN:109,(anonymous_13)
FN:116,(anonymous_14)
FN:120,(anonymous_15)
FN:128,(anonymous_16)
FN:144,(anonymous_17)
FN:152,(anonymous_18)
FN:155,(anonymous_19)
FNF:20
FNH:4
FNDA:10,UseForm
FNDA:2,(anonymous_1)
FNDA:8,(anonymous_2)
FNDA:0,(anonymous_3)
FNDA:0,(anonymous_4)
FNDA:0,(anonymous_5)
FNDA:0,(anonymous_6)
FNDA:0,(anonymous_7)
FNDA:0,(anonymous_8)
FNDA:0,(anonymous_9)
FNDA:0,(anonymous_10)
FNDA:0,(anonymous_11)
FNDA:0,(anonymous_12)
FNDA:8,(anonymous_13)
FNDA:0,(anonymous_14)
FNDA:0,(anonymous_15)
FNDA:0,(anonymous_16)
FNDA:0,(anonymous_17)
FNDA:0,(anonymous_18)
FNDA:0,(anonymous_19)
DA:1,1
DA:3,1
DA:15,10
DA:16,10
DA:17,10
DA:19,10
DA:26,10
DA:27,10
DA:28,10
DA:29,10
DA:30,10
DA:31,10
DA:36,10
DA:38,10
DA:40,2
DA:41,2
DA:42,2
DA:43,2
DA:44,0
DA:45,0
DA:46,0
DA:48,2
DA:49,2
DA:52,10
DA:53,8
DA:54,8
DA:55,8
DA:56,8
DA:59,10
DA:60,0
DA:61,0
DA:63,0
DA:65,0
DA:66,0
DA:72,0
DA:75,0
DA:79,10
DA:80,0
DA:81,0
DA:82,0
DA:83,0
DA:84,0
DA:90,0
DA:94,10
DA:95,0
DA:96,0
DA:97,0
DA:98,0
DA:99,0
DA:105,0
DA:109,10
DA:110,8
DA:111,8
DA:113,0
DA:116,10
DA:117,0
DA:119,0
DA:120,0
DA:122,0
DA:127,0
DA:128,0
DA:130,0
DA:131,0
DA:132,0
DA:133,0
DA:138,0
DA:143,0
DA:145,0
DA:146,0
DA:147,0
DA:148,0
DA:150,0
DA:153,0
DA:156,0
DA:159,0
DA:160,0
DA:164,10
DA:183,1
LF:78
LH:34
BRDA:42,0,0,0
BRDA:42,0,1,2
BRDA:43,1,0,0
BRDA:46,2,0,0
BRDA:46,2,1,0
BRDA:55,3,0,8
BRDA:55,3,1,0
BRDA:56,4,0,0
BRDA:63,5,0,0
BRDA:82,6,0,0
BRDA:97,7,0,0
BRDA:111,8,0,8
BRDA:111,9,0,8
BRDA:111,9,1,0
BRDA:111,9,2,0
BRDA:117,10,0,0
BRDA:132,11,0,0
BRDA:147,12,0,0
BRDA:148,13,0,0
BRF:19
BRH:4
end_of_record
TN:
SF:src\components\numberFieldComponent\index.tsx
FN:8,NumberFieldComponent
FN:15,(anonymous_1)
FN:21,(anonymous_2)
FNF:3
FNH:2
FNDA:8,NumberFieldComponent
FNDA:0,(anonymous_1)
FNDA:2,(anonymous_2)
DA:1,1
DA:13,8
DA:15,8
DA:16,0
DA:17,0
DA:18,0
DA:21,8
DA:22,2
DA:25,8
DA:33,1
LF:10
LH:7
BRDA:16,0,0,0
BRDA:16,0,1,0
BRDA:22,1,0,2
BRF:3
BRH:1
end_of_record
TN:
SF:src\components\pages\home.tsx
FN:14,HomeComponentPage
FN:18,(anonymous_1)
FNF:2
FNH:1
FNDA:2,HomeComponentPage
FNDA:0,(anonymous_1)
DA:1,1
DA:3,1
DA:4,1
DA:15,2
DA:16,2
DA:19,0
DA:20,0
DA:26,1
LF:8
LH:6
BRF:0
BRH:0
end_of_record
TN:
SF:src\components\pages\result.tsx
FN:4,ResultComponentPage
FNF:1
FNH:0
FNDA:0,ResultComponentPage
DA:1,1
DA:2,1
DA:5,0
DA:6,0
DA:9,1
LF:5
LH:3
BRF:0
BRH:0
end_of_record
TN:
SF:src\components\selectorComponent\index.tsx
FN:6,(anonymous_0)
FN:51,(anonymous_1)
FN:54,(anonymous_2)
FN:75,(anonymous_3)
FN:77,(anonymous_4)
FNF:5
FNH:1
FNDA:24,(anonymous_0)
FNDA:0,(anonymous_1)
FNDA:0,(anonymous_2)
FNDA:0,(anonymous_3)
FNDA:0,(anonymous_4)
DA:1,1
DA:2,1
DA:3,1
DA:6,1
DA:30,24
DA:40,24
DA:52,0
DA:54,0
DA:76,0
DA:78,0
DA:91,1
LF:11
LH:7
BRDA:49,0,0,0
BRDA:49,0,1,24
BRDA:69,1,0,24
BRDA:69,1,1,0
BRDA:70,2,0,0
BRDA:70,2,1,24
BRDA:74,3,0,0
BRDA:74,3,1,24
BRF:8
BRH:4
end_of_record
TN:
SF:src\components\selectorComponent\useSelector.ts
FN:4,UseSelector
FN:24,(anonymous_1)
FN:29,(anonymous_2)
FN:33,(anonymous_3)
FN:37,(anonymous_4)
FN:42,(anonymous_5)
FN:46,(anonymous_6)
FN:55,(anonymous_7)
FN:72,(anonymous_8)
FN:73,(anonymous_9)
FN:84,(anonymous_10)
FN:86,(anonymous_11)
FN:87,(anonymous_12)
FN:89,(anonymous_13)
FNF:14
FNH:6
FNDA:24,UseSelector
FNDA:6,(anonymous_1)
FNDA:12,(anonymous_2)
FNDA:12,(anonymous_3)
FNDA:6,(anonymous_4)
FNDA:6,(anonymous_5)
FNDA:0,(anonymous_6)
FNDA:0,(anonymous_7)
FNDA:0,(anonymous_8)
FNDA:0,(anonymous_9)
FNDA:0,(anonymous_10)
FNDA:0,(anonymous_11)
FNDA:0,(anonymous_12)
FNDA:0,(anonymous_13)
DA:2,1
DA:14,24
DA:15,24
DA:17,24
DA:18,24
DA:19,24
DA:20,24
DA:21,24
DA:22,24
DA:24,24
DA:25,6
DA:26,6
DA:29,24
DA:30,12
DA:33,24
DA:34,12
DA:37,24
DA:38,6
DA:39,0
DA:42,24
DA:43,6
DA:46,24
DA:47,0
DA:48,0
DA:55,24
DA:56,0
DA:57,0
DA:60,0
DA:61,0
DA:62,0
DA:64,0
DA:66,0
DA:72,24
DA:73,0
DA:74,0
DA:78,0
DA:79,0
DA:84,24
DA:86,24
DA:87,0
DA:89,24
DA:90,0
DA:91,0
DA:92,0
DA:93,0
DA:96,24
DA:112,1
LF:47
LH:28
BRDA:26,0,0,6
BRDA:30,1,0,12
BRDA:30,1,1,0
BRDA:34,2,0,12
BRDA:34,2,1,12
BRDA:38,3,0,6
BRDA:39,4,0,0
BRDA:39,4,1,0
BRDA:43,5,0,0
BRDA:43,6,0,6
BRDA:43,6,1,6
BRDA:48,7,0,0
BRDA:56,8,0,0
BRDA:56,8,1,0
BRDA:74,9,0,0
BRDA:75,10,0,0
BRDA:75,10,1,0
BRDA:79,11,0,0
BRDA:79,11,1,0
BRDA:84,12,0,0
BRDA:84,12,1,0
BRDA:90,13,0,0
BRDA:91,14,0,0
BRDA:91,15,0,0
BRDA:91,15,1,0
BRDA:92,16,0,0
BRDA:92,17,0,0
BRDA:92,17,1,0
BRF:28
BRH:7
end_of_record
TN:
SF:src\service\api.ts
FN:9,(anonymous_0)
FN:12,(anonymous_1)
FN:13,(anonymous_2)
FN:17,(anonymous_3)
FN:31,(anonymous_4)
FN:34,(anonymous_5)
FN:35,(anonymous_6)
FN:36,(anonymous_7)
FNF:8
FNH:0
FNDA:0,(anonymous_0)
FNDA:0,(anonymous_1)
FNDA:0,(anonymous_2)
FNDA:0,(anonymous_3)
FNDA:0,(anonymous_4)
FNDA:0,(anonymous_5)
FNDA:0,(anonymous_6)
FNDA:0,(anonymous_7)
DA:1,1
DA:2,1
DA:9,1
DA:12,0
DA:13,0
DA:14,0
DA:15,0
DA:16,0
DA:17,0
DA:22,0
DA:23,0
DA:24,0
DA:25,0
DA:27,0
DA:31,1
DA:34,0
DA:35,0
DA:36,0
DA:37,0
DA:39,0
DA:40,0
DA:42,0
DA:46,0
DA:47,0
DA:48,0
DA:50,0
DA:54,1
LF:27
LH:5
BRDA:14,0,0,0
BRDA:37,1,0,0
BRF:2
BRH:0
end_of_record
TN:
SF:src\service\data.ts
FNF:0
FNH:0
DA:3,1
DA:45,1
LF:2
LH:2
BRF:0
BRH:0
end_of_record
